<?xml version="1.0" encoding="UTF-8"?>
<testsuite xmlns:xsi="http://www.w3.org/2001/XMLSchema-instance" xsi:noNamespaceSchemaLocation="https://maven.apache.org/surefire/maven-surefire-plugin/xsd/surefire-test-report-3.0.xsd" version="3.0" name="TestMock" time="0.027" tests="1" errors="0" skipped="0" failures="0">
  <properties>
    <property name="java.specification.version" value="20"/>
    <property name="sun.cpu.isalist" value="amd64"/>
    <property name="sun.jnu.encoding" value="GBK"/>
    <property name="java.class.path" value="c:\Betty\Singapore_UOB_2023\NTUC_Learning\Java\capstone2\CapstoneProject2\capstone_project\target\test-classes;c:\Betty\Singapore_UOB_2023\NTUC_Learning\Java\capstone2\CapstoneProject2\capstone_project\target\classes;C:\Users\betty\.m2\repository\com\oracle\database\jdbc\ojdbc8\23.2.0.0\ojdbc8-23.2.0.0.jar;C:\Users\betty\.m2\repository\com\sun\mail\javax.mail\1.5.5\javax.mail-1.5.5.jar;C:\Users\betty\.m2\repository\javax\activation\activation\1.1\activation-1.1.jar;C:\Users\betty\.m2\repository\junit\junit\4.13.2\junit-4.13.2.jar;C:\Users\betty\.m2\repository\org\hamcrest\hamcrest-core\1.3\hamcrest-core-1.3.jar;C:\Users\betty\.m2\repository\org\junit\jupiter\junit-jupiter-api\5.8.2\junit-jupiter-api-5.8.2.jar;C:\Users\betty\.m2\repository\org\opentest4j\opentest4j\1.2.0\opentest4j-1.2.0.jar;C:\Users\betty\.m2\repository\org\junit\platform\junit-platform-commons\1.8.2\junit-platform-commons-1.8.2.jar;C:\Users\betty\.m2\repository\org\apiguardian\apiguardian-api\1.1.2\apiguardian-api-1.1.2.jar;C:\Users\betty\.m2\repository\org\mockito\mockito-core\5.5.0\mockito-core-5.5.0.jar;C:\Users\betty\.m2\repository\net\bytebuddy\byte-buddy\1.14.6\byte-buddy-1.14.6.jar;C:\Users\betty\.m2\repository\net\bytebuddy\byte-buddy-agent\1.14.6\byte-buddy-agent-1.14.6.jar;C:\Users\betty\.m2\repository\org\objenesis\objenesis\3.3\objenesis-3.3.jar;"/>
    <property name="java.vm.vendor" value="Oracle Corporation"/>
    <property name="sun.arch.data.model" value="64"/>
    <property name="user.variant" value=""/>
    <property name="java.vendor.url" value="https://java.oracle.com/"/>
    <property name="user.timezone" value="Asia/Shanghai"/>
    <property name="user.country.format" value="SG"/>
    <property name="os.name" value="Windows 11"/>
    <property name="java.vm.specification.version" value="20"/>
    <property name="sun.java.launcher" value="SUN_STANDARD"/>
    <property name="user.country" value="CN"/>
    <property name="sun.boot.library.path" value="C:\Program Files\Java\jdk-20\bin"/>
    <property name="sun.java.command" value="C:\Users\betty\AppData\Local\Temp\surefire4865261355183019368\surefirebooter-20231006144901233_3.jar C:\Users\betty\AppData\Local\Temp\surefire4865261355183019368 2023-10-06T14-49-01_120-jvmRun1 surefire-20231006144901233_1tmp surefire_0-20231006144901233_2tmp"/>
    <property name="jdk.debug" value="release"/>
    <property name="surefire.test.class.path" value="c:\Betty\Singapore_UOB_2023\NTUC_Learning\Java\capstone2\CapstoneProject2\capstone_project\target\test-classes;c:\Betty\Singapore_UOB_2023\NTUC_Learning\Java\capstone2\CapstoneProject2\capstone_project\target\classes;C:\Users\betty\.m2\repository\com\oracle\database\jdbc\ojdbc8\23.2.0.0\ojdbc8-23.2.0.0.jar;C:\Users\betty\.m2\repository\com\sun\mail\javax.mail\1.5.5\javax.mail-1.5.5.jar;C:\Users\betty\.m2\repository\javax\activation\activation\1.1\activation-1.1.jar;C:\Users\betty\.m2\repository\junit\junit\4.13.2\junit-4.13.2.jar;C:\Users\betty\.m2\repository\org\hamcrest\hamcrest-core\1.3\hamcrest-core-1.3.jar;C:\Users\betty\.m2\repository\org\junit\jupiter\junit-jupiter-api\5.8.2\junit-jupiter-api-5.8.2.jar;C:\Users\betty\.m2\repository\org\opentest4j\opentest4j\1.2.0\opentest4j-1.2.0.jar;C:\Users\betty\.m2\repository\org\junit\platform\junit-platform-commons\1.8.2\junit-platform-commons-1.8.2.jar;C:\Users\betty\.m2\repository\org\apiguardian\apiguardian-api\1.1.2\apiguardian-api-1.1.2.jar;C:\Users\betty\.m2\repository\org\mockito\mockito-core\5.5.0\mockito-core-5.5.0.jar;C:\Users\betty\.m2\repository\net\bytebuddy\byte-buddy\1.14.6\byte-buddy-1.14.6.jar;C:\Users\betty\.m2\repository\net\bytebuddy\byte-buddy-agent\1.14.6\byte-buddy-agent-1.14.6.jar;C:\Users\betty\.m2\repository\org\objenesis\objenesis\3.3\objenesis-3.3.jar;"/>
    <property name="sun.cpu.endian" value="little"/>
    <property name="user.home" value="C:\Users\betty"/>
    <property name="user.language" value="zh"/>
    <property name="java.specification.vendor" value="Oracle Corporation"/>
    <property name="java.version.date" value="2023-07-18"/>
    <property name="java.home" value="C:\Program Files\Java\jdk-20"/>
    <property name="file.separator" value="\"/>
    <property name="basedir" value="c:\Betty\Singapore_UOB_2023\NTUC_Learning\Java\capstone2\CapstoneProject2\capstone_project"/>
    <property name="java.vm.compressedOopsMode" value="Zero based"/>
    <property name="line.separator" value="&#10;"/>
    <property name="java.vm.specification.vendor" value="Oracle Corporation"/>
    <property name="java.specification.name" value="Java Platform API Specification"/>
    <property name="surefire.real.class.path" value="C:\Users\betty\AppData\Local\Temp\surefire4865261355183019368\surefirebooter-20231006144901233_3.jar"/>
    <property name="user.script" value=""/>
    <property name="sun.management.compiler" value="HotSpot 64-Bit Tiered Compilers"/>
    <property name="java.runtime.version" value="20.0.2+9-78"/>
    <property name="user.name" value="betty"/>
    <property name="stdout.encoding" value="GBK"/>
    <property name="path.separator" value=";"/>
    <property name="os.version" value="10.0"/>
    <property name="java.runtime.name" value="Java(TM) SE Runtime Environment"/>
    <property name="file.encoding" value="UTF-8"/>
    <property name="java.vm.name" value="Java HotSpot(TM) 64-Bit Server VM"/>
    <property name="localRepository" value="C:\Users\betty\.m2\repository"/>
    <property name="java.vendor.url.bug" value="https://bugreport.java.com/bugreport/"/>
    <property name="java.io.tmpdir" value="C:\Users\betty\AppData\Local\Temp\"/>
    <property name="java.version" value="20.0.2"/>
    <property name="user.dir" value="c:\Betty\Singapore_UOB_2023\NTUC_Learning\Java\capstone2\CapstoneProject2\capstone_project"/>
    <property name="os.arch" value="amd64"/>
    <property name="java.vm.specification.name" value="Java Virtual Machine Specification"/>
    <property name="user.language.format" value="en"/>
    <property name="sun.os.patch.level" value=""/>
    <property name="native.encoding" value="GBK"/>
    <property name="java.library.path" value="C:\Program Files\Java\jdk-20\bin;C:\windows\Sun\Java\bin;C:\windows\system32;C:\windows;C:\Users\betty\anaconda3;C:\Users\betty\anaconda3\Library\mingw-w64\bin;C:\Users\betty\anaconda3\Library\usr\bin;C:\Users\betty\anaconda3\Library\bin;C:\Users\betty\anaconda3\Scripts;C:\Users\betty\anaconda3\bin;C:\Users\betty\anaconda3\condabin;C:\Betty\Singapore_UOB_2023\NTUC_Learning\SQL\WINDOWS.X64_193000_db_home\bin;C:\Program Files\Common Files\Oracle\Java\javapath;C:\windows\system32;C:\windows;C:\windows\System32\Wbem;C:\windows\System32\WindowsPowerShell\v1.0;C:\windows\System32\OpenSSH;C:\Users\betty\anaconda3;C:\Users\betty\anaconda3\Scripts;C:\Users\betty\anaconda3\Library\bin;C:\Program Files\Java\jdk-20\bin;C:\Program Files\nodejs;C:\ProgramData\chocolatey\bin;C:\Program Files\php-8.2.8-Win32-vs16-x64;C:\Program Files\Git\cmd;C:\Program Files\apache-maven-3.9.4\bin;C:\Users\betty\AppData\Local\Programs\Python\Python311\Scripts;C:\Users\betty\AppData\Local\Programs\Python\Python311;C:\Users\betty\AppData\Local\Microsoft\WindowsApps;C:\Users\betty\AppData\Local\Programs\Microsoft VS Code\bin;C:\Users\betty\AppData\Local\GitHubDesktop\bin;C:\Users\betty\anaconda3;C:\Users\betty\anaconda3\Scripts;C:\Users\betty\anaconda3\Library\bin;C:\Program Files\Java\jdk-20\bin;C:\Users\betty\AppData\Roaming\npm;C:\Program Files\php-8.2.8-Win32-vs16-x64;C:\Program Files\apache-maven-3.9.4\bin;.;."/>
    <property name="java.vm.info" value="mixed mode, sharing"/>
    <property name="stderr.encoding" value="GBK"/>
    <property name="java.vendor" value="Oracle Corporation"/>
    <property name="java.vm.version" value="20.0.2+9-78"/>
    <property name="sun.io.unicode.encoding" value="UnicodeLittle"/>
    <property name="java.class.version" value="64.0"/>
  </properties>
  <testcase name="testMethodWithInputGreaterThan100" classname="TestMock" time="0.018"/>
</testsuite>